app/build/outputs/logs/manifest-merger-debug-report.txt
-- Merging decision tree log ---
manifest
ADDED from src/main/AndroidManifest.xml:2:1-32:12
	package
		ADDED from src/main/AndroidManifest.xml:3:5-50
		INJECTED from src/main/AndroidManifest.xml
		INJECTED from src/main/AndroidManifest.xml
	android:versionName
		ADDED from src/main/AndroidManifest.xml:5:5-30
		INJECTED from src/main/AndroidManifest.xml
		INJECTED from src/main/AndroidManifest.xml
	android:versionCode
		ADDED from src/main/AndroidManifest.xml:4:5-28
		INJECTED from src/main/AndroidManifest.xml
		INJECTED from src/main/AndroidManifest.xml
	xmlns:android
		ADDED from src/main/AndroidManifest.xml:2:11-69
uses-sdk
ADDED from src/main/AndroidManifest.xml:7:5-9:41
	android:targetSdkVersion
		ADDED from src/main/AndroidManifest.xml:9:9-38
		INJECTED from src/main/AndroidManifest.xml
		INJECTED from src/main/AndroidManifest.xml
	android:minSdkVersion
		ADDED from src/main/AndroidManifest.xml:8:9-35
		INJECTED from src/main/AndroidManifest.xml
		INJECTED from src/main/AndroidManifest.xml
uses-feature#android.hardware.camera
ADDED from src/main/AndroidManifest.xml:11:5-12:45
	android:required
		ADDED from src/main/AndroidManifest.xml:12:19-42
	android:name
		ADDED from src/main/AndroidManifest.xml:11:19-57
uses-permission#android.permission.CAMERA
ADDED from src/main/AndroidManifest.xml:13:5-65
	android:name
		ADDED from src/main/AndroidManifest.xml:13:22-62
application
ADDED from src/main/AndroidManifest.xml:15:5-30:19
	android:label
		ADDED from src/main/AndroidManifest.xml:18:9-41
	android:allowBackup
		ADDED from src/main/AndroidManifest.xml:16:9-35
	android:icon
		ADDED from src/main/AndroidManifest.xml:17:9-45
	android:theme
		ADDED from src/main/AndroidManifest.xml:19:9-67
activity#com.intel.sample.camerarenderscript.MainActivity
ADDED from src/main/AndroidManifest.xml:20:9-29:20
	android:screenOrientation
		ADDED from src/main/AndroidManifest.xml:23:13-50
	android:label
		ADDED from src/main/AndroidManifest.xml:22:13-45
	android:name
		ADDED from src/main/AndroidManifest.xml:21:13-76
intent-filter#android.intent.action.MAIN+android.intent.category.LAUNCHER
ADDED from src/main/AndroidManifest.xml:24:13-28:29
action#android.intent.action.MAIN
ADDED from src/main/AndroidManifest.xml:25:17-69
	android:name
		ADDED from src/main/AndroidManifest.xml:25:25-66
category#android.intent.category.LAUNCHER
ADDED from src/main/AndroidManifest.xml:27:17-77
	android:name
		ADDED from src/main/AndroidManifest.xml:27:27-74